\BOOKMARK [0][-]{chapter*.1}{\376\377\000S\000o\000m\000m\000a\000r\000i\000o}{}% 1
\BOOKMARK [0][-]{chapter*.2}{\376\377\000P\000a\000r\000o\000l\000e\000\040\000c\000h\000i\000a\000v\000e}{}% 2
\BOOKMARK [0][-]{chapter.1}{\376\377\000I\000n\000t\000r\000o\000d\000u\000z\000i\000o\000n\000e}{}% 3
\BOOKMARK [1][-]{section.1.1}{\376\377\000C\000o\000n\000t\000e\000s\000t\000o\000\040\000e\000\040\000m\000o\000t\000i\000v\000a\000z\000i\000o\000n\000i}{chapter.1}% 4
\BOOKMARK [1][-]{section.1.2}{\376\377\000P\000r\000o\000b\000l\000e\000m\000a\000\040\000a\000f\000f\000r\000o\000n\000t\000a\000t\000o}{chapter.1}% 5
\BOOKMARK [1][-]{section.1.3}{\376\377\000O\000b\000i\000e\000t\000t\000i\000v\000i\000\040\000d\000e\000l\000l\000a\000\040\000t\000e\000s\000i}{chapter.1}% 6
\BOOKMARK [1][-]{section.1.4}{\376\377\000C\000o\000n\000t\000r\000i\000b\000u\000t\000i\000\040\000d\000e\000l\000\040\000l\000a\000v\000o\000r\000o}{chapter.1}% 7
\BOOKMARK [1][-]{section.1.5}{\376\377\000O\000r\000g\000a\000n\000i\000z\000z\000a\000z\000i\000o\000n\000e\000\040\000d\000e\000l\000l\000a\000\040\000t\000e\000s\000i}{chapter.1}% 8
\BOOKMARK [0][-]{chapter.2}{\376\377\000C\000o\000n\000t\000e\000s\000t\000o\000\040\000e\000\040\000s\000t\000a\000t\000o\000\040\000d\000e\000l\000l\000'\000a\000r\000t\000e}{}% 9
\BOOKMARK [1][-]{section.2.1}{\376\377\000C\000o\000n\000t\000r\000o\000l\000l\000o\000\040\000s\000e\000m\000a\000f\000o\000r\000i\000c\000o\000\040\000u\000r\000b\000a\000n\000o}{chapter.2}% 10
\BOOKMARK [2][-]{subsection.2.1.1}{\376\377\000C\000o\000n\000t\000r\000o\000l\000l\000o\000\040\000a\000\040\000t\000e\000m\000p\000i\000\040\000f\000i\000s\000s\000i}{section.2.1}% 11
\BOOKMARK [2][-]{subsection.2.1.2}{\376\377\000C\000o\000n\000t\000r\000o\000l\000l\000o\000\040\000a\000t\000t\000u\000a\000t\000o\000\040\000e\000\040\000a\000d\000a\000t\000t\000i\000v\000o}{section.2.1}% 12
\BOOKMARK [1][-]{section.2.2}{\376\377\000S\000t\000r\000a\000t\000e\000g\000i\000e\000\040\000M\000a\000x\000-\000P\000r\000e\000s\000s\000u\000r\000e}{chapter.2}% 13
\BOOKMARK [2][-]{subsection.2.2.1}{\376\377\000P\000r\000i\000n\000c\000i\000p\000i\000o\000\040\000d\000i\000\040\000f\000u\000n\000z\000i\000o\000n\000a\000m\000e\000n\000t\000o}{section.2.2}% 14
\BOOKMARK [2][-]{subsection.2.2.2}{\376\377\000P\000r\000e\000s\000s\000i\000o\000n\000e\000\040\000d\000e\000i\000\040\000m\000o\000v\000i\000m\000e\000n\000t\000i\000\040\000e\000\040\000d\000e\000l\000l\000e\000\040\000f\000a\000s\000i}{section.2.2}% 15
\BOOKMARK [2][-]{subsection.2.2.3}{\376\377\000P\000r\000o\000p\000r\000i\000e\000t\000\340\000\040\000e\000\040\000l\000i\000m\000i\000t\000i\000\040\000d\000e\000l\000\040\000c\000o\000n\000t\000r\000o\000l\000l\000o\000\040\000l\000o\000c\000a\000l\000e}{section.2.2}% 16
\BOOKMARK [1][-]{section.2.3}{\376\377\000E\000s\000t\000e\000n\000s\000i\000o\000n\000i\000\040\000d\000e\000l\000\040\000M\000a\000x\000-\000P\000r\000e\000s\000s\000u\000r\000e}{chapter.2}% 17
\BOOKMARK [2][-]{subsection.2.3.1}{\376\377\000C\000o\000s\000t\000o\000\040\000d\000e\000l\000l\000e\000\040\000t\000r\000a\000n\000s\000i\000z\000i\000o\000n\000i\000\040\000s\000e\000m\000a\000f\000o\000r\000i\000c\000h\000e}{section.2.3}% 18
\BOOKMARK [2][-]{subsection.2.3.2}{\376\377\000P\000r\000e\000v\000e\000n\000z\000i\000o\000n\000e\000\040\000d\000e\000l\000l\000o\000\040\000s\000p\000i\000l\000l\000b\000a\000c\000k}{section.2.3}% 19
\BOOKMARK [2][-]{subsection.2.3.3}{\376\377\000F\000a\000i\000r\000n\000e\000s\000s\000\040\000e\000\040\000p\000r\000e\000v\000e\000n\000z\000i\000o\000n\000e\000\040\000d\000e\000l\000l\000a\000\040\000s\000t\000a\000r\000v\000a\000t\000i\000o\000n}{section.2.3}% 20
\BOOKMARK [2][-]{subsection.2.3.4}{\376\377\000G\000e\000s\000t\000i\000o\000n\000e\000\040\000d\000e\000i\000\040\000p\000l\000o\000t\000o\000n\000i\000\040\000d\000i\000\040\000v\000e\000i\000c\000o\000l\000i}{section.2.3}% 21
\BOOKMARK [1][-]{section.2.4}{\376\377\000S\000i\000m\000u\000l\000a\000z\000i\000o\000n\000e\000\040\000m\000i\000c\000r\000o\000s\000c\000o\000p\000i\000c\000a\000\040\000d\000e\000l\000\040\000t\000r\000a\000f\000f\000i\000c\000o}{chapter.2}% 22
\BOOKMARK [2][-]{subsection.2.4.1}{\376\377\000S\000U\000M\000O}{section.2.4}% 23
\BOOKMARK [2][-]{subsection.2.4.2}{\376\377\000I\000n\000t\000e\000r\000f\000a\000c\000c\000i\000a\000\040\000T\000r\000a\000C\000I}{section.2.4}% 24
\BOOKMARK [1][-]{section.2.5}{\376\377\000S\000i\000t\000u\000a\000z\000i\000o\000n\000e\000\040\000i\000n\000i\000z\000i\000a\000l\000e\000\040\000d\000e\000l\000\040\000p\000r\000o\000g\000e\000t\000t\000o}{chapter.2}% 25
\BOOKMARK [2][-]{subsection.2.5.1}{\376\377\000C\000o\000m\000p\000o\000n\000e\000n\000t\000i\000\040\000s\000o\000f\000t\000w\000a\000r\000e\000\040\000g\000i\000\340\000\040\000d\000i\000s\000p\000o\000n\000i\000b\000i\000l\000i}{section.2.5}% 26
\BOOKMARK [2][-]{subsection.2.5.2}{\376\377\000L\000i\000m\000i\000t\000i\000\040\000d\000e\000l\000l\000a\000\040\000s\000o\000l\000u\000z\000i\000o\000n\000e\000\040\000i\000n\000i\000z\000i\000a\000l\000e}{section.2.5}% 27
\BOOKMARK [2][-]{subsection.2.5.3}{\376\377\000C\000o\000n\000t\000r\000i\000b\000u\000t\000i\000\040\000s\000v\000i\000l\000u\000p\000p\000a\000t\000i\000\040\000n\000e\000l\000l\000a\000\040\000t\000e\000s\000i}{section.2.5}% 28
